<?xml version="1.0" encoding="utf-8"?><testsuites><testsuite name="pytest" errors="0" failures="0" skipped="0" tests="3" time="26.282" timestamp="2025-04-29T01:25:50.499267" hostname="mrziegel-VirtualBox"><testcase classname="tests.ui.openbmc_ui_tests" name="test_successful_login" time="19.114" /><testcase classname="tests.ui.openbmc_ui_tests" name="test_invalid_login" time="1.550" /><testcase classname="tests.ui.openbmc_ui_tests" name="test_account_lockout" time="4.460" /></testsuite></testsuites>